Exporter version: 5.2.0, Blender version: 2.78 (sub 0)
========= Conversion from Blender to Babylon.js =========
	Scene settings used:
		selected layers only:  false
		flat shading entire scene:  false
		inline textures:  false
		texture directory:  C:\Users\Sven\Documents\SvenFrankson\TowerDefense\data\
	Python World class constructor completed
	WARNING: No active camera has been assigned, or is not in a currently selected Blender layer
	processing begun of mesh:  Body
		processing begun of Standard material:  Material
		num positions      :  63
		num normals        :  63
		num uvs            :  0
		num uvs2           :  0
		num colors         :  0
		num indices        :  342
	processing begun of mesh:  Canon
		registered as also a user of material:  Material
		num positions      :  48
		num normals        :  48
		num uvs            :  0
		num uvs2           :  0
		num colors         :  0
		num indices        :  216
========= Writing of scene file started =========
========= Writing of scene file completed =========
========= end of processing =========
elapsed time:  0 min, 0.068 secs
