	Exporter version: 4.6.1, Blender version: 2.78 (sub 0)
========= Conversion from Blender to Babylon.js =========
	Scene settings used:
		selected layers only:  false
		flat shading entire scene:  false
		inline textures:  false
		texture directory:  C:\Users\Sven\Documents\SvenFrankson\tower-defense\data\
	Python World class constructor completed
	WARNING: No active camera has been assigned, or is not in a currently selected Blender layer
	processing begun of skeleton:  Armature, id:  0
		processing begun of bone:  Bone, index:  0
		processing begun of bone:  Bone.001, index:  1
		processing begun of bone:  Bone.002, index:  2
		processing begun of bone:  Bone.003, index:  3
		processing begun of bone:  Bone.004, index:  4
		processing begun of bone:  Bone.005, index:  5
		processing begun of bone:  Bone.006, index:  6
		processing begun of bone:  Bone.007, index:  7
		processing begun of bone:  Bone.008, index:  8
		processing action ArmatureAction:  in[1 - 30], out[0 - 30]
	processing begun of mesh:  Cube
		processing begun of Standard material:  Material
		num positions      :  484
		num normals        :  484
		num uvs            :  0
		num uvs2           :  0
		num colors         :  0
		num indices        :  2892
		Skeleton stats:  
			Total Influencers:  826
			Avg # of influencers per vertex:  1.7066
			Highest # of influencers observed:  3, num vertices with this:  51
			exported as 3 influencers
			num skeletonWeights and skeletonIndices:  1936
========= Writing of scene file started =========
========= Writing of scene file completed =========
========= end of processing =========
elapsed time:  0 min, 0.1734 secs
